<?xml version="1.0" encoding="UTF-8"?>
<testng-results ignored="0" total="2" passed="2" failed="0" skipped="0">
  <reporter-output>
  </reporter-output>
  <suite started-at="2024-04-08T13:08:08 IST" name="Avishek" finished-at="2024-04-08T13:08:31 IST" duration-ms="22611">
    <groups>
      <group name="runThisOnly">
        <method signature="EndToEndTest.shop(java.util.HashMap)[pri:0, instance:AvishekLearning.EndToEndTest@1040be71]" name="shop" class="AvishekLearning.EndToEndTest"/>
      </group> <!-- runThisOnly -->
    </groups>
    <test started-at="2024-04-08T13:08:08 IST" name="SeleniumCompleteFramework" finished-at="2024-04-08T13:08:31 IST" duration-ms="22611">
      <class name="AvishekLearning.EndToEndTest">
        <test-method is-config="true" signature="launchApplication()[pri:0, instance:AvishekLearning.EndToEndTest@1040be71]" started-at="2024-04-08T13:08:09 IST" name="launchApplication" finished-at="2024-04-08T13:08:15 IST" duration-ms="6747" status="PASS">
          <reporter-output>
          </reporter-output>
        </test-method> <!-- launchApplication -->
        <test-method signature="shop(java.util.HashMap)[pri:0, instance:AvishekLearning.EndToEndTest@1040be71]" started-at="2024-04-08T13:08:15 IST" name="shop" data-provider="getData" finished-at="2024-04-08T13:08:20 IST" duration-ms="4466" status="PASS">
          <params>
            <param index="0">
              <value>
                <![CDATA[{userName=avi1234@gmail.com, pass=Avijanu12345!, desiredProduct=ZARA COAT 3}]]>
              </value>
            </param>
          </params>
          <reporter-output>
          </reporter-output>
        </test-method> <!-- shop -->
        <test-method is-config="true" signature="closeApp()[pri:0, instance:AvishekLearning.EndToEndTest@1040be71]" started-at="2024-04-08T13:08:20 IST" name="closeApp" finished-at="2024-04-08T13:08:20 IST" duration-ms="259" status="PASS">
          <reporter-output>
          </reporter-output>
        </test-method> <!-- closeApp -->
        <test-method is-config="true" signature="launchApplication()[pri:0, instance:AvishekLearning.EndToEndTest@1040be71]" started-at="2024-04-08T13:08:20 IST" name="launchApplication" finished-at="2024-04-08T13:08:26 IST" duration-ms="5861" status="PASS">
          <reporter-output>
          </reporter-output>
        </test-method> <!-- launchApplication -->
        <test-method signature="shop(java.util.HashMap)[pri:0, instance:AvishekLearning.EndToEndTest@1040be71]" started-at="2024-04-08T13:08:26 IST" name="shop" data-provider="getData" finished-at="2024-04-08T13:08:31 IST" duration-ms="4754" status="PASS">
          <params>
            <param index="0">
              <value>
                <![CDATA[{userName=aviavi@gmail.com, pass=Abcd1234!, desiredProduct=ADIDAS ORIGINAL}]]>
              </value>
            </param>
          </params>
          <reporter-output>
          </reporter-output>
        </test-method> <!-- shop -->
        <test-method is-config="true" signature="closeApp()[pri:0, instance:AvishekLearning.EndToEndTest@1040be71]" started-at="2024-04-08T13:08:31 IST" name="closeApp" finished-at="2024-04-08T13:08:31 IST" duration-ms="202" status="PASS">
          <reporter-output>
          </reporter-output>
        </test-method> <!-- closeApp -->
      </class> <!-- AvishekLearning.EndToEndTest -->
    </test> <!-- SeleniumCompleteFramework -->
  </suite> <!-- Avishek -->
</testng-results>
