<?xml version="1.0" encoding="UTF-8"?>
<testng-results ignored="0" total="2" passed="2" failed="0" skipped="0">
  <reporter-output>
  </reporter-output>
  <suite started-at="2024-04-08T12:55:58 IST" name="Default suite" finished-at="2024-04-08T12:56:15 IST" duration-ms="17506">
    <groups>
      <group name="cucumber">
        <method signature="AbstractTestNGCucumberTests.runScenario(io.cucumber.testng.PickleWrapper,io.cucumber.testng.FeatureWrapper)[pri:0, instance:CucumberFramework.TestngTestRunner@201a4587]" name="runScenario" class="io.cucumber.testng.AbstractTestNGCucumberTests"/>
      </group> <!-- cucumber -->
    </groups>
    <test started-at="2024-04-08T12:55:58 IST" name="Default test" finished-at="2024-04-08T12:56:15 IST" duration-ms="17506">
      <class name="CucumberFramework.TestngTestRunner">
        <test-method is-config="true" signature="setUpClass(org.testng.ITestContext)[pri:0, instance:CucumberFramework.TestngTestRunner@201a4587]" started-at="2024-04-08T12:55:58 IST" name="setUpClass" finished-at="2024-04-08T12:55:58 IST" duration-ms="728" status="PASS">
          <params>
            <param index="0">
              <value>
                <![CDATA[org.testng.TestRunner@430b2699]]>
              </value>
            </param>
          </params>
          <reporter-output>
          </reporter-output>
        </test-method> <!-- setUpClass -->
        <test-method signature="runScenario(io.cucumber.testng.PickleWrapper,io.cucumber.testng.FeatureWrapper)[pri:0, instance:CucumberFramework.TestngTestRunner@201a4587]" started-at="2024-04-08T12:55:58 IST" name="runScenario" description="Runs Cucumber Scenarios" data-provider="scenarios" finished-at="2024-04-08T12:56:07 IST" duration-ms="9138" status="PASS">
          <params>
            <param index="0">
              <value>
                <![CDATA["poisitve test for purchasing an order."]]>
              </value>
            </param>
            <param index="1">
              <value>
                <![CDATA["Purchasing the order from the Ecommerce site."]]>
              </value>
            </param>
          </params>
          <reporter-output>
          </reporter-output>
        </test-method> <!-- runScenario -->
        <test-method signature="runScenario(io.cucumber.testng.PickleWrapper,io.cucumber.testng.FeatureWrapper)[pri:0, instance:CucumberFramework.TestngTestRunner@201a4587]" started-at="2024-04-08T12:56:07 IST" name="runScenario" description="Runs Cucumber Scenarios" data-provider="scenarios" finished-at="2024-04-08T12:56:15 IST" duration-ms="7545" status="PASS">
          <params>
            <param index="0">
              <value>
                <![CDATA["poisitve test for purchasing an order."]]>
              </value>
            </param>
            <param index="1">
              <value>
                <![CDATA["Purchasing the order from the Ecommerce site."]]>
              </value>
            </param>
          </params>
          <reporter-output>
          </reporter-output>
        </test-method> <!-- runScenario -->
        <test-method is-config="true" signature="tearDownClass()[pri:0, instance:CucumberFramework.TestngTestRunner@201a4587]" started-at="2024-04-08T12:56:15 IST" name="tearDownClass" finished-at="2024-04-08T12:56:15 IST" duration-ms="33" status="PASS">
          <reporter-output>
          </reporter-output>
        </test-method> <!-- tearDownClass -->
      </class> <!-- CucumberFramework.TestngTestRunner -->
    </test> <!-- Default test -->
  </suite> <!-- Default suite -->
</testng-results>
